<?xml version="1.0" encoding="UTF-8"?>
<testsuite xmlns:xsi="http://www.w3.org/2001/XMLSchema-instance" xsi:noNamespaceSchemaLocation="https://maven.apache.org/surefire/maven-surefire-plugin/xsd/surefire-test-report-3.0.xsd" version="3.0" name="com.purehub.GiveItToYouPlusApplicationTests" time="4.655" tests="1" errors="0" skipped="0" failures="0">
  <properties>
    <property name="java.specification.version" value="19"/>
    <property name="sun.cpu.isalist" value="amd64"/>
    <property name="sun.jnu.encoding" value="GBK"/>
    <property name="java.class.path" value="D:\Desktop\give-it-to-you\give-it-to-you-plus\target\test-classes;D:\Desktop\give-it-to-you\give-it-to-you-plus\target\classes;D:\apache-maven-3.6.1\mvn_repo\org\springframework\boot\spring-boot-starter\3.1.5\spring-boot-starter-3.1.5.jar;D:\apache-maven-3.6.1\mvn_repo\org\springframework\boot\spring-boot\3.1.5\spring-boot-3.1.5.jar;D:\apache-maven-3.6.1\mvn_repo\org\springframework\spring-context\6.0.13\spring-context-6.0.13.jar;D:\apache-maven-3.6.1\mvn_repo\org\springframework\boot\spring-boot-autoconfigure\3.1.5\spring-boot-autoconfigure-3.1.5.jar;D:\apache-maven-3.6.1\mvn_repo\org\springframework\boot\spring-boot-starter-logging\3.1.5\spring-boot-starter-logging-3.1.5.jar;D:\apache-maven-3.6.1\mvn_repo\ch\qos\logback\logback-classic\1.4.11\logback-classic-1.4.11.jar;D:\apache-maven-3.6.1\mvn_repo\ch\qos\logback\logback-core\1.4.11\logback-core-1.4.11.jar;D:\apache-maven-3.6.1\mvn_repo\org\apache\logging\log4j\log4j-to-slf4j\2.20.0\log4j-to-slf4j-2.20.0.jar;D:\apache-maven-3.6.1\mvn_repo\org\apache\logging\log4j\log4j-api\2.20.0\log4j-api-2.20.0.jar;D:\apache-maven-3.6.1\mvn_repo\org\slf4j\jul-to-slf4j\2.0.9\jul-to-slf4j-2.0.9.jar;D:\apache-maven-3.6.1\mvn_repo\jakarta\annotation\jakarta.annotation-api\2.1.1\jakarta.annotation-api-2.1.1.jar;D:\apache-maven-3.6.1\mvn_repo\org\springframework\spring-core\6.0.13\spring-core-6.0.13.jar;D:\apache-maven-3.6.1\mvn_repo\org\springframework\spring-jcl\6.0.13\spring-jcl-6.0.13.jar;D:\apache-maven-3.6.1\mvn_repo\org\yaml\snakeyaml\1.33\snakeyaml-1.33.jar;D:\apache-maven-3.6.1\mvn_repo\org\springframework\boot\spring-boot-starter-web\3.1.5\spring-boot-starter-web-3.1.5.jar;D:\apache-maven-3.6.1\mvn_repo\org\springframework\boot\spring-boot-starter-json\3.1.5\spring-boot-starter-json-3.1.5.jar;D:\apache-maven-3.6.1\mvn_repo\com\fasterxml\jackson\datatype\jackson-datatype-jdk8\2.15.3\jackson-datatype-jdk8-2.15.3.jar;D:\apache-maven-3.6.1\mvn_repo\com\fasterxml\jackson\datatype\jackson-datatype-jsr310\2.15.3\jackson-datatype-jsr310-2.15.3.jar;D:\apache-maven-3.6.1\mvn_repo\com\fasterxml\jackson\module\jackson-module-parameter-names\2.15.3\jackson-module-parameter-names-2.15.3.jar;D:\apache-maven-3.6.1\mvn_repo\org\springframework\boot\spring-boot-starter-tomcat\3.1.5\spring-boot-starter-tomcat-3.1.5.jar;D:\apache-maven-3.6.1\mvn_repo\org\apache\tomcat\embed\tomcat-embed-core\10.1.15\tomcat-embed-core-10.1.15.jar;D:\apache-maven-3.6.1\mvn_repo\org\apache\tomcat\embed\tomcat-embed-el\10.1.15\tomcat-embed-el-10.1.15.jar;D:\apache-maven-3.6.1\mvn_repo\org\apache\tomcat\embed\tomcat-embed-websocket\10.1.15\tomcat-embed-websocket-10.1.15.jar;D:\apache-maven-3.6.1\mvn_repo\org\springframework\spring-web\6.0.13\spring-web-6.0.13.jar;D:\apache-maven-3.6.1\mvn_repo\org\springframework\spring-beans\6.0.13\spring-beans-6.0.13.jar;D:\apache-maven-3.6.1\mvn_repo\io\micrometer\micrometer-observation\1.11.5\micrometer-observation-1.11.5.jar;D:\apache-maven-3.6.1\mvn_repo\io\micrometer\micrometer-commons\1.11.5\micrometer-commons-1.11.5.jar;D:\apache-maven-3.6.1\mvn_repo\org\springframework\spring-webmvc\6.0.13\spring-webmvc-6.0.13.jar;D:\apache-maven-3.6.1\mvn_repo\org\springframework\spring-aop\6.0.13\spring-aop-6.0.13.jar;D:\apache-maven-3.6.1\mvn_repo\org\springframework\spring-expression\6.0.13\spring-expression-6.0.13.jar;D:\apache-maven-3.6.1\mvn_repo\org\springframework\boot\spring-boot-starter-test\3.1.5\spring-boot-starter-test-3.1.5.jar;D:\apache-maven-3.6.1\mvn_repo\org\springframework\boot\spring-boot-test\3.1.5\spring-boot-test-3.1.5.jar;D:\apache-maven-3.6.1\mvn_repo\org\springframework\boot\spring-boot-test-autoconfigure\3.1.5\spring-boot-test-autoconfigure-3.1.5.jar;D:\apache-maven-3.6.1\mvn_repo\com\jayway\jsonpath\json-path\2.8.0\json-path-2.8.0.jar;D:\apache-maven-3.6.1\mvn_repo\jakarta\xml\bind\jakarta.xml.bind-api\4.0.1\jakarta.xml.bind-api-4.0.1.jar;D:\apache-maven-3.6.1\mvn_repo\jakarta\activation\jakarta.activation-api\2.1.2\jakarta.activation-api-2.1.2.jar;D:\apache-maven-3.6.1\mvn_repo\net\minidev\json-smart\2.4.11\json-smart-2.4.11.jar;D:\apache-maven-3.6.1\mvn_repo\net\minidev\accessors-smart\2.4.11\accessors-smart-2.4.11.jar;D:\apache-maven-3.6.1\mvn_repo\org\ow2\asm\asm\9.3\asm-9.3.jar;D:\apache-maven-3.6.1\mvn_repo\org\assertj\assertj-core\3.24.2\assertj-core-3.24.2.jar;D:\apache-maven-3.6.1\mvn_repo\net\bytebuddy\byte-buddy\1.14.9\byte-buddy-1.14.9.jar;D:\apache-maven-3.6.1\mvn_repo\org\hamcrest\hamcrest\2.2\hamcrest-2.2.jar;D:\apache-maven-3.6.1\mvn_repo\org\junit\jupiter\junit-jupiter\5.9.3\junit-jupiter-5.9.3.jar;D:\apache-maven-3.6.1\mvn_repo\org\junit\jupiter\junit-jupiter-api\5.9.3\junit-jupiter-api-5.9.3.jar;D:\apache-maven-3.6.1\mvn_repo\org\opentest4j\opentest4j\1.2.0\opentest4j-1.2.0.jar;D:\apache-maven-3.6.1\mvn_repo\org\junit\platform\junit-platform-commons\1.9.3\junit-platform-commons-1.9.3.jar;D:\apache-maven-3.6.1\mvn_repo\org\apiguardian\apiguardian-api\1.1.2\apiguardian-api-1.1.2.jar;D:\apache-maven-3.6.1\mvn_repo\org\junit\jupiter\junit-jupiter-params\5.9.3\junit-jupiter-params-5.9.3.jar;D:\apache-maven-3.6.1\mvn_repo\org\junit\jupiter\junit-jupiter-engine\5.9.3\junit-jupiter-engine-5.9.3.jar;D:\apache-maven-3.6.1\mvn_repo\org\junit\platform\junit-platform-engine\1.9.3\junit-platform-engine-1.9.3.jar;D:\apache-maven-3.6.1\mvn_repo\org\mockito\mockito-core\5.3.1\mockito-core-5.3.1.jar;D:\apache-maven-3.6.1\mvn_repo\net\bytebuddy\byte-buddy-agent\1.14.9\byte-buddy-agent-1.14.9.jar;D:\apache-maven-3.6.1\mvn_repo\org\objenesis\objenesis\3.3\objenesis-3.3.jar;D:\apache-maven-3.6.1\mvn_repo\org\mockito\mockito-junit-jupiter\5.3.1\mockito-junit-jupiter-5.3.1.jar;D:\apache-maven-3.6.1\mvn_repo\org\skyscreamer\jsonassert\1.5.1\jsonassert-1.5.1.jar;D:\apache-maven-3.6.1\mvn_repo\com\vaadin\external\google\android-json\0.0.20131108.vaadin1\android-json-0.0.20131108.vaadin1.jar;D:\apache-maven-3.6.1\mvn_repo\org\springframework\spring-test\6.0.13\spring-test-6.0.13.jar;D:\apache-maven-3.6.1\mvn_repo\org\xmlunit\xmlunit-core\2.9.1\xmlunit-core-2.9.1.jar;D:\apache-maven-3.6.1\mvn_repo\org\springframework\boot\spring-boot-devtools\3.1.5\spring-boot-devtools-3.1.5.jar;D:\apache-maven-3.6.1\mvn_repo\com\baomidou\mybatis-plus-boot-starter\3.5.4.1\mybatis-plus-boot-starter-3.5.4.1.jar;D:\apache-maven-3.6.1\mvn_repo\com\baomidou\mybatis-plus\3.5.4.1\mybatis-plus-3.5.4.1.jar;D:\apache-maven-3.6.1\mvn_repo\com\baomidou\mybatis-plus-core\3.5.4.1\mybatis-plus-core-3.5.4.1.jar;D:\apache-maven-3.6.1\mvn_repo\com\baomidou\mybatis-plus-annotation\3.5.4.1\mybatis-plus-annotation-3.5.4.1.jar;D:\apache-maven-3.6.1\mvn_repo\com\baomidou\mybatis-plus-extension\3.5.4.1\mybatis-plus-extension-3.5.4.1.jar;D:\apache-maven-3.6.1\mvn_repo\org\mybatis\mybatis\3.5.13\mybatis-3.5.13.jar;D:\apache-maven-3.6.1\mvn_repo\com\github\jsqlparser\jsqlparser\4.6\jsqlparser-4.6.jar;D:\apache-maven-3.6.1\mvn_repo\com\baomidou\mybatis-plus-spring-boot-autoconfigure\3.5.4.1\mybatis-plus-spring-boot-autoconfigure-3.5.4.1.jar;D:\apache-maven-3.6.1\mvn_repo\org\mybatis\mybatis-spring\3.0.3\mybatis-spring-3.0.3.jar;D:\apache-maven-3.6.1\mvn_repo\org\springframework\boot\spring-boot-starter-jdbc\3.1.5\spring-boot-starter-jdbc-3.1.5.jar;D:\apache-maven-3.6.1\mvn_repo\com\zaxxer\HikariCP\5.0.1\HikariCP-5.0.1.jar;D:\apache-maven-3.6.1\mvn_repo\org\springframework\spring-jdbc\6.0.13\spring-jdbc-6.0.13.jar;D:\apache-maven-3.6.1\mvn_repo\org\springframework\spring-tx\6.0.13\spring-tx-6.0.13.jar;D:\apache-maven-3.6.1\mvn_repo\com\alibaba\druid-spring-boot-3-starter\1.2.20\druid-spring-boot-3-starter-1.2.20.jar;D:\apache-maven-3.6.1\mvn_repo\com\alibaba\druid\1.2.20\druid-1.2.20.jar;D:\apache-maven-3.6.1\mvn_repo\org\slf4j\slf4j-api\2.0.9\slf4j-api-2.0.9.jar;D:\apache-maven-3.6.1\mvn_repo\com\mysql\mysql-connector-j\8.0.33\mysql-connector-j-8.0.33.jar;D:\apache-maven-3.6.1\mvn_repo\org\projectlombok\lombok\1.18.30\lombok-1.18.30.jar;D:\apache-maven-3.6.1\mvn_repo\org\springframework\boot\spring-boot-configuration-processor\3.1.5\spring-boot-configuration-processor-3.1.5.jar;D:\apache-maven-3.6.1\mvn_repo\com\fasterxml\jackson\core\jackson-databind\2.15.3\jackson-databind-2.15.3.jar;D:\apache-maven-3.6.1\mvn_repo\com\fasterxml\jackson\core\jackson-annotations\2.15.3\jackson-annotations-2.15.3.jar;D:\apache-maven-3.6.1\mvn_repo\com\fasterxml\jackson\core\jackson-core\2.15.3\jackson-core-2.15.3.jar;D:\apache-maven-3.6.1\mvn_repo\com\github\xiaoymin\knife4j-openapi3-jakarta-spring-boot-starter\4.3.0\knife4j-openapi3-jakarta-spring-boot-starter-4.3.0.jar;D:\apache-maven-3.6.1\mvn_repo\com\github\xiaoymin\knife4j-core\4.3.0\knife4j-core-4.3.0.jar;D:\apache-maven-3.6.1\mvn_repo\com\github\xiaoymin\knife4j-openapi3-ui\4.3.0\knife4j-openapi3-ui-4.3.0.jar;D:\apache-maven-3.6.1\mvn_repo\org\springdoc\springdoc-openapi-starter-webmvc-ui\2.0.4\springdoc-openapi-starter-webmvc-ui-2.0.4.jar;D:\apache-maven-3.6.1\mvn_repo\org\springdoc\springdoc-openapi-starter-webmvc-api\2.0.4\springdoc-openapi-starter-webmvc-api-2.0.4.jar;D:\apache-maven-3.6.1\mvn_repo\org\springdoc\springdoc-openapi-starter-common\2.0.4\springdoc-openapi-starter-common-2.0.4.jar;D:\apache-maven-3.6.1\mvn_repo\io\swagger\core\v3\swagger-core-jakarta\2.2.8\swagger-core-jakarta-2.2.8.jar;D:\apache-maven-3.6.1\mvn_repo\org\apache\commons\commons-lang3\3.12.0\commons-lang3-3.12.0.jar;D:\apache-maven-3.6.1\mvn_repo\io\swagger\core\v3\swagger-annotations-jakarta\2.2.8\swagger-annotations-jakarta-2.2.8.jar;D:\apache-maven-3.6.1\mvn_repo\io\swagger\core\v3\swagger-models-jakarta\2.2.8\swagger-models-jakarta-2.2.8.jar;D:\apache-maven-3.6.1\mvn_repo\jakarta\validation\jakarta.validation-api\3.0.2\jakarta.validation-api-3.0.2.jar;D:\apache-maven-3.6.1\mvn_repo\com\fasterxml\jackson\dataformat\jackson-dataformat-yaml\2.15.3\jackson-dataformat-yaml-2.15.3.jar;D:\apache-maven-3.6.1\mvn_repo\org\webjars\swagger-ui\4.18.1\swagger-ui-4.18.1.jar;D:\apache-maven-3.6.1\mvn_repo\org\webjars\webjars-locator-core\0.52\webjars-locator-core-0.52.jar;D:\apache-maven-3.6.1\mvn_repo\io\github\classgraph\classgraph\4.8.149\classgraph-4.8.149.jar;"/>
    <property name="java.vm.vendor" value="Oracle Corporation"/>
    <property name="sun.arch.data.model" value="64"/>
    <property name="user.variant" value=""/>
    <property name="java.vendor.url" value="https://java.oracle.com/"/>
    <property name="user.timezone" value="Asia/Shanghai"/>
    <property name="os.name" value="Windows 11"/>
    <property name="java.vm.specification.version" value="19"/>
    <property name="sun.java.launcher" value="SUN_STANDARD"/>
    <property name="user.country" value="CN"/>
    <property name="sun.boot.library.path" value="C:\Users\kkcs\.jdks\openjdk-19\bin"/>
    <property name="sun.java.command" value="D:\系统缓存\surefire6671644370373733110\surefirebooter-20240111155619729_3.jar D:\系统缓存\surefire6671644370373733110 2024-01-11T15-56-14_717-jvmRun1 surefire-20240111155619729_1tmp surefire_0-20240111155619729_2tmp"/>
    <property name="jdk.debug" value="release"/>
    <property name="surefire.test.class.path" value="D:\Desktop\give-it-to-you\give-it-to-you-plus\target\test-classes;D:\Desktop\give-it-to-you\give-it-to-you-plus\target\classes;D:\apache-maven-3.6.1\mvn_repo\org\springframework\boot\spring-boot-starter\3.1.5\spring-boot-starter-3.1.5.jar;D:\apache-maven-3.6.1\mvn_repo\org\springframework\boot\spring-boot\3.1.5\spring-boot-3.1.5.jar;D:\apache-maven-3.6.1\mvn_repo\org\springframework\spring-context\6.0.13\spring-context-6.0.13.jar;D:\apache-maven-3.6.1\mvn_repo\org\springframework\boot\spring-boot-autoconfigure\3.1.5\spring-boot-autoconfigure-3.1.5.jar;D:\apache-maven-3.6.1\mvn_repo\org\springframework\boot\spring-boot-starter-logging\3.1.5\spring-boot-starter-logging-3.1.5.jar;D:\apache-maven-3.6.1\mvn_repo\ch\qos\logback\logback-classic\1.4.11\logback-classic-1.4.11.jar;D:\apache-maven-3.6.1\mvn_repo\ch\qos\logback\logback-core\1.4.11\logback-core-1.4.11.jar;D:\apache-maven-3.6.1\mvn_repo\org\apache\logging\log4j\log4j-to-slf4j\2.20.0\log4j-to-slf4j-2.20.0.jar;D:\apache-maven-3.6.1\mvn_repo\org\apache\logging\log4j\log4j-api\2.20.0\log4j-api-2.20.0.jar;D:\apache-maven-3.6.1\mvn_repo\org\slf4j\jul-to-slf4j\2.0.9\jul-to-slf4j-2.0.9.jar;D:\apache-maven-3.6.1\mvn_repo\jakarta\annotation\jakarta.annotation-api\2.1.1\jakarta.annotation-api-2.1.1.jar;D:\apache-maven-3.6.1\mvn_repo\org\springframework\spring-core\6.0.13\spring-core-6.0.13.jar;D:\apache-maven-3.6.1\mvn_repo\org\springframework\spring-jcl\6.0.13\spring-jcl-6.0.13.jar;D:\apache-maven-3.6.1\mvn_repo\org\yaml\snakeyaml\1.33\snakeyaml-1.33.jar;D:\apache-maven-3.6.1\mvn_repo\org\springframework\boot\spring-boot-starter-web\3.1.5\spring-boot-starter-web-3.1.5.jar;D:\apache-maven-3.6.1\mvn_repo\org\springframework\boot\spring-boot-starter-json\3.1.5\spring-boot-starter-json-3.1.5.jar;D:\apache-maven-3.6.1\mvn_repo\com\fasterxml\jackson\datatype\jackson-datatype-jdk8\2.15.3\jackson-datatype-jdk8-2.15.3.jar;D:\apache-maven-3.6.1\mvn_repo\com\fasterxml\jackson\datatype\jackson-datatype-jsr310\2.15.3\jackson-datatype-jsr310-2.15.3.jar;D:\apache-maven-3.6.1\mvn_repo\com\fasterxml\jackson\module\jackson-module-parameter-names\2.15.3\jackson-module-parameter-names-2.15.3.jar;D:\apache-maven-3.6.1\mvn_repo\org\springframework\boot\spring-boot-starter-tomcat\3.1.5\spring-boot-starter-tomcat-3.1.5.jar;D:\apache-maven-3.6.1\mvn_repo\org\apache\tomcat\embed\tomcat-embed-core\10.1.15\tomcat-embed-core-10.1.15.jar;D:\apache-maven-3.6.1\mvn_repo\org\apache\tomcat\embed\tomcat-embed-el\10.1.15\tomcat-embed-el-10.1.15.jar;D:\apache-maven-3.6.1\mvn_repo\org\apache\tomcat\embed\tomcat-embed-websocket\10.1.15\tomcat-embed-websocket-10.1.15.jar;D:\apache-maven-3.6.1\mvn_repo\org\springframework\spring-web\6.0.13\spring-web-6.0.13.jar;D:\apache-maven-3.6.1\mvn_repo\org\springframework\spring-beans\6.0.13\spring-beans-6.0.13.jar;D:\apache-maven-3.6.1\mvn_repo\io\micrometer\micrometer-observation\1.11.5\micrometer-observation-1.11.5.jar;D:\apache-maven-3.6.1\mvn_repo\io\micrometer\micrometer-commons\1.11.5\micrometer-commons-1.11.5.jar;D:\apache-maven-3.6.1\mvn_repo\org\springframework\spring-webmvc\6.0.13\spring-webmvc-6.0.13.jar;D:\apache-maven-3.6.1\mvn_repo\org\springframework\spring-aop\6.0.13\spring-aop-6.0.13.jar;D:\apache-maven-3.6.1\mvn_repo\org\springframework\spring-expression\6.0.13\spring-expression-6.0.13.jar;D:\apache-maven-3.6.1\mvn_repo\org\springframework\boot\spring-boot-starter-test\3.1.5\spring-boot-starter-test-3.1.5.jar;D:\apache-maven-3.6.1\mvn_repo\org\springframework\boot\spring-boot-test\3.1.5\spring-boot-test-3.1.5.jar;D:\apache-maven-3.6.1\mvn_repo\org\springframework\boot\spring-boot-test-autoconfigure\3.1.5\spring-boot-test-autoconfigure-3.1.5.jar;D:\apache-maven-3.6.1\mvn_repo\com\jayway\jsonpath\json-path\2.8.0\json-path-2.8.0.jar;D:\apache-maven-3.6.1\mvn_repo\jakarta\xml\bind\jakarta.xml.bind-api\4.0.1\jakarta.xml.bind-api-4.0.1.jar;D:\apache-maven-3.6.1\mvn_repo\jakarta\activation\jakarta.activation-api\2.1.2\jakarta.activation-api-2.1.2.jar;D:\apache-maven-3.6.1\mvn_repo\net\minidev\json-smart\2.4.11\json-smart-2.4.11.jar;D:\apache-maven-3.6.1\mvn_repo\net\minidev\accessors-smart\2.4.11\accessors-smart-2.4.11.jar;D:\apache-maven-3.6.1\mvn_repo\org\ow2\asm\asm\9.3\asm-9.3.jar;D:\apache-maven-3.6.1\mvn_repo\org\assertj\assertj-core\3.24.2\assertj-core-3.24.2.jar;D:\apache-maven-3.6.1\mvn_repo\net\bytebuddy\byte-buddy\1.14.9\byte-buddy-1.14.9.jar;D:\apache-maven-3.6.1\mvn_repo\org\hamcrest\hamcrest\2.2\hamcrest-2.2.jar;D:\apache-maven-3.6.1\mvn_repo\org\junit\jupiter\junit-jupiter\5.9.3\junit-jupiter-5.9.3.jar;D:\apache-maven-3.6.1\mvn_repo\org\junit\jupiter\junit-jupiter-api\5.9.3\junit-jupiter-api-5.9.3.jar;D:\apache-maven-3.6.1\mvn_repo\org\opentest4j\opentest4j\1.2.0\opentest4j-1.2.0.jar;D:\apache-maven-3.6.1\mvn_repo\org\junit\platform\junit-platform-commons\1.9.3\junit-platform-commons-1.9.3.jar;D:\apache-maven-3.6.1\mvn_repo\org\apiguardian\apiguardian-api\1.1.2\apiguardian-api-1.1.2.jar;D:\apache-maven-3.6.1\mvn_repo\org\junit\jupiter\junit-jupiter-params\5.9.3\junit-jupiter-params-5.9.3.jar;D:\apache-maven-3.6.1\mvn_repo\org\junit\jupiter\junit-jupiter-engine\5.9.3\junit-jupiter-engine-5.9.3.jar;D:\apache-maven-3.6.1\mvn_repo\org\junit\platform\junit-platform-engine\1.9.3\junit-platform-engine-1.9.3.jar;D:\apache-maven-3.6.1\mvn_repo\org\mockito\mockito-core\5.3.1\mockito-core-5.3.1.jar;D:\apache-maven-3.6.1\mvn_repo\net\bytebuddy\byte-buddy-agent\1.14.9\byte-buddy-agent-1.14.9.jar;D:\apache-maven-3.6.1\mvn_repo\org\objenesis\objenesis\3.3\objenesis-3.3.jar;D:\apache-maven-3.6.1\mvn_repo\org\mockito\mockito-junit-jupiter\5.3.1\mockito-junit-jupiter-5.3.1.jar;D:\apache-maven-3.6.1\mvn_repo\org\skyscreamer\jsonassert\1.5.1\jsonassert-1.5.1.jar;D:\apache-maven-3.6.1\mvn_repo\com\vaadin\external\google\android-json\0.0.20131108.vaadin1\android-json-0.0.20131108.vaadin1.jar;D:\apache-maven-3.6.1\mvn_repo\org\springframework\spring-test\6.0.13\spring-test-6.0.13.jar;D:\apache-maven-3.6.1\mvn_repo\org\xmlunit\xmlunit-core\2.9.1\xmlunit-core-2.9.1.jar;D:\apache-maven-3.6.1\mvn_repo\org\springframework\boot\spring-boot-devtools\3.1.5\spring-boot-devtools-3.1.5.jar;D:\apache-maven-3.6.1\mvn_repo\com\baomidou\mybatis-plus-boot-starter\3.5.4.1\mybatis-plus-boot-starter-3.5.4.1.jar;D:\apache-maven-3.6.1\mvn_repo\com\baomidou\mybatis-plus\3.5.4.1\mybatis-plus-3.5.4.1.jar;D:\apache-maven-3.6.1\mvn_repo\com\baomidou\mybatis-plus-core\3.5.4.1\mybatis-plus-core-3.5.4.1.jar;D:\apache-maven-3.6.1\mvn_repo\com\baomidou\mybatis-plus-annotation\3.5.4.1\mybatis-plus-annotation-3.5.4.1.jar;D:\apache-maven-3.6.1\mvn_repo\com\baomidou\mybatis-plus-extension\3.5.4.1\mybatis-plus-extension-3.5.4.1.jar;D:\apache-maven-3.6.1\mvn_repo\org\mybatis\mybatis\3.5.13\mybatis-3.5.13.jar;D:\apache-maven-3.6.1\mvn_repo\com\github\jsqlparser\jsqlparser\4.6\jsqlparser-4.6.jar;D:\apache-maven-3.6.1\mvn_repo\com\baomidou\mybatis-plus-spring-boot-autoconfigure\3.5.4.1\mybatis-plus-spring-boot-autoconfigure-3.5.4.1.jar;D:\apache-maven-3.6.1\mvn_repo\org\mybatis\mybatis-spring\3.0.3\mybatis-spring-3.0.3.jar;D:\apache-maven-3.6.1\mvn_repo\org\springframework\boot\spring-boot-starter-jdbc\3.1.5\spring-boot-starter-jdbc-3.1.5.jar;D:\apache-maven-3.6.1\mvn_repo\com\zaxxer\HikariCP\5.0.1\HikariCP-5.0.1.jar;D:\apache-maven-3.6.1\mvn_repo\org\springframework\spring-jdbc\6.0.13\spring-jdbc-6.0.13.jar;D:\apache-maven-3.6.1\mvn_repo\org\springframework\spring-tx\6.0.13\spring-tx-6.0.13.jar;D:\apache-maven-3.6.1\mvn_repo\com\alibaba\druid-spring-boot-3-starter\1.2.20\druid-spring-boot-3-starter-1.2.20.jar;D:\apache-maven-3.6.1\mvn_repo\com\alibaba\druid\1.2.20\druid-1.2.20.jar;D:\apache-maven-3.6.1\mvn_repo\org\slf4j\slf4j-api\2.0.9\slf4j-api-2.0.9.jar;D:\apache-maven-3.6.1\mvn_repo\com\mysql\mysql-connector-j\8.0.33\mysql-connector-j-8.0.33.jar;D:\apache-maven-3.6.1\mvn_repo\org\projectlombok\lombok\1.18.30\lombok-1.18.30.jar;D:\apache-maven-3.6.1\mvn_repo\org\springframework\boot\spring-boot-configuration-processor\3.1.5\spring-boot-configuration-processor-3.1.5.jar;D:\apache-maven-3.6.1\mvn_repo\com\fasterxml\jackson\core\jackson-databind\2.15.3\jackson-databind-2.15.3.jar;D:\apache-maven-3.6.1\mvn_repo\com\fasterxml\jackson\core\jackson-annotations\2.15.3\jackson-annotations-2.15.3.jar;D:\apache-maven-3.6.1\mvn_repo\com\fasterxml\jackson\core\jackson-core\2.15.3\jackson-core-2.15.3.jar;D:\apache-maven-3.6.1\mvn_repo\com\github\xiaoymin\knife4j-openapi3-jakarta-spring-boot-starter\4.3.0\knife4j-openapi3-jakarta-spring-boot-starter-4.3.0.jar;D:\apache-maven-3.6.1\mvn_repo\com\github\xiaoymin\knife4j-core\4.3.0\knife4j-core-4.3.0.jar;D:\apache-maven-3.6.1\mvn_repo\com\github\xiaoymin\knife4j-openapi3-ui\4.3.0\knife4j-openapi3-ui-4.3.0.jar;D:\apache-maven-3.6.1\mvn_repo\org\springdoc\springdoc-openapi-starter-webmvc-ui\2.0.4\springdoc-openapi-starter-webmvc-ui-2.0.4.jar;D:\apache-maven-3.6.1\mvn_repo\org\springdoc\springdoc-openapi-starter-webmvc-api\2.0.4\springdoc-openapi-starter-webmvc-api-2.0.4.jar;D:\apache-maven-3.6.1\mvn_repo\org\springdoc\springdoc-openapi-starter-common\2.0.4\springdoc-openapi-starter-common-2.0.4.jar;D:\apache-maven-3.6.1\mvn_repo\io\swagger\core\v3\swagger-core-jakarta\2.2.8\swagger-core-jakarta-2.2.8.jar;D:\apache-maven-3.6.1\mvn_repo\org\apache\commons\commons-lang3\3.12.0\commons-lang3-3.12.0.jar;D:\apache-maven-3.6.1\mvn_repo\io\swagger\core\v3\swagger-annotations-jakarta\2.2.8\swagger-annotations-jakarta-2.2.8.jar;D:\apache-maven-3.6.1\mvn_repo\io\swagger\core\v3\swagger-models-jakarta\2.2.8\swagger-models-jakarta-2.2.8.jar;D:\apache-maven-3.6.1\mvn_repo\jakarta\validation\jakarta.validation-api\3.0.2\jakarta.validation-api-3.0.2.jar;D:\apache-maven-3.6.1\mvn_repo\com\fasterxml\jackson\dataformat\jackson-dataformat-yaml\2.15.3\jackson-dataformat-yaml-2.15.3.jar;D:\apache-maven-3.6.1\mvn_repo\org\webjars\swagger-ui\4.18.1\swagger-ui-4.18.1.jar;D:\apache-maven-3.6.1\mvn_repo\org\webjars\webjars-locator-core\0.52\webjars-locator-core-0.52.jar;D:\apache-maven-3.6.1\mvn_repo\io\github\classgraph\classgraph\4.8.149\classgraph-4.8.149.jar;"/>
    <property name="sun.cpu.endian" value="little"/>
    <property name="user.home" value="C:\Users\kkcs"/>
    <property name="user.language" value="zh"/>
    <property name="java.specification.vendor" value="Oracle Corporation"/>
    <property name="java.version.date" value="2022-09-20"/>
    <property name="java.home" value="C:\Users\kkcs\.jdks\openjdk-19"/>
    <property name="file.separator" value="\"/>
    <property name="basedir" value="D:\Desktop\give-it-to-you\give-it-to-you-plus"/>
    <property name="java.vm.compressedOopsMode" value="Zero based"/>
    <property name="line.separator" value="&#10;"/>
    <property name="java.vm.specification.vendor" value="Oracle Corporation"/>
    <property name="java.specification.name" value="Java Platform API Specification"/>
    <property name="FILE_LOG_CHARSET" value="UTF-8"/>
    <property name="java.awt.headless" value="true"/>
    <property name="surefire.real.class.path" value="D:\系统缓存\surefire6671644370373733110\surefirebooter-20240111155619729_3.jar"/>
    <property name="user.script" value=""/>
    <property name="sun.management.compiler" value="HotSpot 64-Bit Tiered Compilers"/>
    <property name="java.runtime.version" value="19+36-2238"/>
    <property name="user.name" value="kkcs"/>
    <property name="stdout.encoding" value="GBK"/>
    <property name="path.separator" value=";"/>
    <property name="os.version" value="10.0"/>
    <property name="java.runtime.name" value="OpenJDK Runtime Environment"/>
    <property name="file.encoding" value="UTF-8"/>
    <property name="java.vm.name" value="OpenJDK 64-Bit Server VM"/>
    <property name="localRepository" value="D:\apache-maven-3.6.1\mvn_repo"/>
    <property name="java.vendor.url.bug" value="https://bugreport.java.com/bugreport/"/>
    <property name="java.io.tmpdir" value="D:\系统缓存\"/>
    <property name="idea.version" value="2023.1"/>
    <property name="java.version" value="19"/>
    <property name="user.dir" value="D:\Desktop\give-it-to-you\give-it-to-you-plus"/>
    <property name="os.arch" value="amd64"/>
    <property name="java.vm.specification.name" value="Java Virtual Machine Specification"/>
    <property name="PID" value="28064"/>
    <property name="sun.os.patch.level" value=""/>
    <property name="CONSOLE_LOG_CHARSET" value="UTF-8"/>
    <property name="native.encoding" value="GBK"/>
    <property name="java.library.path" value="C:\Users\kkcs\.jdks\openjdk-19\bin;C:\WINDOWS\Sun\Java\bin;C:\WINDOWS\system32;C:\WINDOWS;C:\WINDOWS\system32;C:\WINDOWS;C:\WINDOWS\System32\Wbem;C:\WINDOWS\System32\WindowsPowerShell\v1.0\;C:\WINDOWS\System32\OpenSSH\;D:\Mysql8.0.33\Mysql\bin;D:\apache-maven-3.6.1\bin;C:\Users\kkcs\.jdks\openjdk-19\bin;D:\Node\;;;C:\P;ogram Files\Git\cmd;C:\Program Files\Git\cmd;D:\微信web开发者工具\dll;D:\Mysql8.0.33\Mysql\bin\;C:\Users\kkcs\AppData\Local\Microsoft\WindowsApps;D:\QQGameTempest\Hall.57821\;C:\Users\kkcs\AppData\Local\Programs\Microsoft VS Code\bin;C:\Users\kkcs\AppData\Roaming\npm;;."/>
    <property name="java.vm.info" value="mixed mode, sharing"/>
    <property name="stderr.encoding" value="GBK"/>
    <property name="java.vendor" value="Oracle Corporation"/>
    <property name="java.vm.version" value="19+36-2238"/>
    <property name="sun.io.unicode.encoding" value="UnicodeLittle"/>
    <property name="maven.repo.local" value="D:\apache-maven-3.6.1\mvn_repo"/>
    <property name="java.class.version" value="63.0"/>
  </properties>
  <testcase name="contextLoads" classname="com.purehub.GiveItToYouPlusApplicationTests" time="0.711">
    <system-out><![CDATA[2024-01-11 15:56:20 499 [main] INFO org.springframework.test.context.support.AnnotationConfigContextLoaderUtils - Could not detect default configuration classes for test class [com.purehub.GiveItToYouPlusApplicationTests]: GiveItToYouPlusApplicationTests does not declare any static, non-private, non-final, nested classes annotated with @Configuration.
2024-01-11 15:56:20 611 [main] INFO org.springframework.boot.test.context.SpringBootTestContextBootstrapper - Found @SpringBootConfiguration com.purehub.GiveItToYouPlusApplication for test class com.purehub.GiveItToYouPlusApplicationTests
2024-01-11 15:56:20 761 [main] INFO org.springframework.boot.devtools.restart.RestartApplicationListener - Restart disabled due to context in which it is running

  .   ____          _            __ _ _
 /\\ / ___'_ __ _ _(_)_ __  __ _ \ \ \ \
( ( )\___ | '_ | '_| | '_ \/ _` | \ \ \ \
 \\/  ___)| |_)| | | | | || (_| |  ) ) ) )
  '  |____| .__|_| |_|_| |_\__, | / / / /
 =========|_|==============|___/=/_/_/_/
 :: Spring Boot ::                (v3.1.5)

2024-01-11 15:56:20 973 [main] INFO com.purehub.GiveItToYouPlusApplicationTests - Starting GiveItToYouPlusApplicationTests using Java 19 with PID 28064 (started by kkcs in D:\Desktop\give-it-to-you\give-it-to-you-plus)
2024-01-11 15:56:20 974 [main] INFO com.purehub.GiveItToYouPlusApplicationTests - No active profile set, falling back to 1 default profile: "default"
2024-01-11 15:56:21 959 [main] INFO com.alibaba.druid.spring.boot3.autoconfigure.DruidDataSourceAutoConfigure - Init DruidDataSource
2024-01-11 15:56:22 604 [main] INFO com.alibaba.druid.pool.DruidDataSource - {dataSource-1} inited
Logging initialized using 'class org.apache.ibatis.logging.stdout.StdOutImpl' adapter.
Initialization Sequence datacenterId:20 workerId:10
 _ _   |_  _ _|_. ___ _ |    _ 
| | |\/|_)(_| | |_\  |_)||_|_\ 
     /               |         
                        3.5.4.1 
2024-01-11 15:56:24 186 [main] INFO com.purehub.GiveItToYouPlusApplicationTests - Started GiveItToYouPlusApplicationTests in 3.434 seconds (process running for 4.36)
2024-01-11T15:56:24.905204300
]]></system-out>
  </testcase>
</testsuite>